<?xml version="1.0" encoding="UTF-8"?>
<!-- Generated by org.testng.reporters.JUnitXMLReporter -->
<testsuite ignored="3" hostname="DESKTOP-R6G87IB" failures="0" tests="3" name="Test" time="0.102" errors="0" timestamp="2021-06-11T07:52:23 GMT-07:00">
  <testcase classname="com.tcs.Arithmetic" name="AddtionMethod1" time="0.014"/>
  <testcase classname="com.tcs.Arithmetic" name="AddtionMethod3" time="0.002"/>
  <testcase classname="com.tcs.Arithmetic" name="AddtionMethon2" time="0.004"/>
  <testcase classname="com.tcs.Arithmetic" name="MultiplyMethod1" time="0.0">
    <ignored/>
  </testcase> <!-- MultiplyMethod1 -->
  <testcase classname="com.tcs.Arithmetic" name="MultiplyMethod3" time="0.0">
    <ignored/>
  </testcase> <!-- MultiplyMethod3 -->
  <testcase classname="com.tcs.Arithmetic" name="MultiplyMethod2" time="0.0">
    <ignored/>
  </testcase> <!-- MultiplyMethod2 -->
</testsuite> <!-- Test -->
