<?xml version="1.0" encoding="UTF-8"?>
<testng-results ignored="0" total="1" passed="1" failed="0" skipped="0">
  <reporter-output>
  </reporter-output>
  <suite started-at="2021-06-10T12:54:47Z" name="Suite" finished-at="2021-06-10T12:54:47Z" duration-ms="72">
    <groups>
    </groups>
    <test started-at="2021-06-10T12:54:47Z" name="Test" finished-at="2021-06-10T12:54:47Z" duration-ms="72">
      <class name="com.tcs.MavenTestNGExample2">
        <test-method signature="myTest3()[pri:0, instance:com.tcs.MavenTestNGExample2@4e928fbf]" started-at="2021-06-10T12:54:47Z" name="myTest3" finished-at="2021-06-10T12:54:47Z" duration-ms="17" status="PASS">
          <reporter-output>
          </reporter-output>
        </test-method> <!-- myTest3 -->
      </class> <!-- com.tcs.MavenTestNGExample2 -->
    </test> <!-- Test -->
  </suite> <!-- Suite -->
</testng-results>
