<?xml version="1.0" encoding="UTF-8"?>
<testng-results ignored="3" total="6" passed="3" failed="0" skipped="0">
  <reporter-output>
  </reporter-output>
  <suite started-at="2021-06-11T07:52:22 GMT-07:00" name="Suite" finished-at="2021-06-11T07:52:23 GMT-07:00" duration-ms="102">
    <groups>
      <group name="Sanity">
        <method signature="Arithmetic.AddtionMethod1()[pri:0, instance:com.tcs.Arithmetic@6bedbc4d]" name="AddtionMethod1" class="com.tcs.Arithmetic"/>
        <method signature="Arithmetic.AddtionMethod3()[pri:0, instance:com.tcs.Arithmetic@6bedbc4d]" name="AddtionMethod3" class="com.tcs.Arithmetic"/>
        <method signature="Arithmetic.AddtionMethon2()[pri:0, instance:com.tcs.Arithmetic@6bedbc4d]" name="AddtionMethon2" class="com.tcs.Arithmetic"/>
      </group> <!-- Sanity -->
    </groups>
    <test started-at="2021-06-11T07:52:22 GMT-07:00" name="Test" finished-at="2021-06-11T07:52:23 GMT-07:00" duration-ms="102">
      <class name="com.tcs.Arithmetic">
        <test-method signature="AddtionMethod1()[pri:0, instance:com.tcs.Arithmetic@6bedbc4d]" started-at="2021-06-11T07:52:22 GMT-07:00" name="AddtionMethod1" finished-at="2021-06-11T07:52:23 GMT-07:00" duration-ms="14" status="PASS">
          <reporter-output>
          </reporter-output>
        </test-method> <!-- AddtionMethod1 -->
        <test-method signature="AddtionMethod3()[pri:0, instance:com.tcs.Arithmetic@6bedbc4d]" started-at="2021-06-11T07:52:23 GMT-07:00" name="AddtionMethod3" finished-at="2021-06-11T07:52:23 GMT-07:00" duration-ms="2" status="PASS">
          <reporter-output>
          </reporter-output>
        </test-method> <!-- AddtionMethod3 -->
        <test-method signature="AddtionMethon2()[pri:0, instance:com.tcs.Arithmetic@6bedbc4d]" started-at="2021-06-11T07:52:23 GMT-07:00" name="AddtionMethon2" finished-at="2021-06-11T07:52:23 GMT-07:00" duration-ms="4" status="PASS">
          <reporter-output>
          </reporter-output>
        </test-method> <!-- AddtionMethon2 -->
      </class> <!-- com.tcs.Arithmetic -->
    </test> <!-- Test -->
  </suite> <!-- Suite -->
</testng-results>
